This is pdfTeX, Version 3.14159265-2.6-1.40.18 (MiKTeX 2.9.6300 64-bit) (preloaded format=pdflatex 2017.5.22)  7 JUN 2017 20:50
entering extended mode
**./handout.tex
(handout.tex
LaTeX2e <2017-04-15>
Babel <3.10> and hyphenation patterns for 75 language(s) loaded.
("C:\MiKTeX 2.9\tex\latex\koma-script\scrartcl.cls"
Document Class: scrartcl 2017/04/13 v3.23 KOMA-Script document class (article)
("C:\MiKTeX 2.9\tex\latex\koma-script\scrkbase.sty"
Package: scrkbase 2017/04/13 v3.23 KOMA-Script package (KOMA-Script-dependent b
asics and keyval usage)

("C:\MiKTeX 2.9\tex\latex\koma-script\scrbase.sty"
Package: scrbase 2017/04/13 v3.23 KOMA-Script package (KOMA-Script-independent 
basics and keyval usage)

("C:\MiKTeX 2.9\tex\latex\graphics\keyval.sty"
Package: keyval 2014/10/28 v1.15 key=value parser (DPC)
\KV@toks@=\toks14
)
("C:\MiKTeX 2.9\tex\latex\koma-script\scrlfile.sty"
Package: scrlfile 2017/04/13 v3.23 KOMA-Script package (loading files)

Package scrlfile, 2017/04/13 v3.23 KOMA-Script package (loading files)
                  Copyright (C) Markus Kohm

))) ("C:\MiKTeX 2.9\tex\latex\koma-script\tocbasic.sty"
Package: tocbasic 2017/04/13 v3.23 KOMA-Script package (handling toc-files)
\scr@dte@tocline@numberwidth=\skip41
\scr@dte@tocline@numbox=\box26
)
Package tocbasic Info: omitting babel extension for `toc'
(tocbasic)             because of feature `nobabel' available
(tocbasic)             for `toc' on input line 131.
Package tocbasic Info: omitting babel extension for `lof'
(tocbasic)             because of feature `nobabel' available
(tocbasic)             for `lof' on input line 133.
Package tocbasic Info: omitting babel extension for `lot'
(tocbasic)             because of feature `nobabel' available
(tocbasic)             for `lot' on input line 134.
Class scrartcl Info: File `scrsize11pt.clo' used instead of
(scrartcl)           file `scrsize11.clo' to setup font sizes on input line 205
9.

("C:\MiKTeX 2.9\tex\latex\koma-script\scrsize11pt.clo"
File: scrsize11pt.clo 2017/04/13 v3.23 KOMA-Script font size class option (11pt
)
)
("C:\MiKTeX 2.9\tex\latex\koma-script\typearea.sty"
Package: typearea 2017/04/13 v3.23 KOMA-Script package (type area)
\ta@bcor=\skip42
\ta@div=\count79
\ta@hblk=\skip43
\ta@vblk=\skip44
\ta@temp=\skip45
\footheight=\skip46
Package typearea Info: These are the values describing the layout:
(typearea)             DIV  = 10
(typearea)             BCOR = 0.0pt
(typearea)             \paperwidth      = 597.50793pt
(typearea)              \textwidth      = 418.25555pt
(typearea)              DIV departure   = -6%
(typearea)              \evensidemargin = 17.3562pt
(typearea)              \oddsidemargin  = 17.3562pt
(typearea)             \paperheight     = 845.04694pt
(typearea)              \textheight     = 595.80026pt
(typearea)              \topmargin      = -25.16531pt
(typearea)              \headheight     = 17.0pt
(typearea)              \headsep        = 20.40001pt
(typearea)              \topskip        = 11.0pt
(typearea)              \footskip       = 47.6pt
(typearea)              \baselineskip   = 13.6pt
(typearea)              on input line 1647.
)
\c@part=\count80
\c@section=\count81
\c@subsection=\count82
\c@subsubsection=\count83
\c@paragraph=\count84
\c@subparagraph=\count85
\scr@dte@part@maxnumwidth=\skip47
\scr@dte@section@maxnumwidth=\skip48
\scr@dte@subsection@maxnumwidth=\skip49
\scr@dte@subsubsection@maxnumwidth=\skip50
\scr@dte@paragraph@maxnumwidth=\skip51
\scr@dte@subparagraph@maxnumwidth=\skip52
LaTeX Info: Redefining \textsubscript on input line 4094.
\abovecaptionskip=\skip53
\belowcaptionskip=\skip54
\c@pti@nb@sid@b@x=\box27
\c@figure=\count86
\c@table=\count87
Class scrartcl Info: Redefining `\numberline' on input line 5233.
\bibindent=\dimen102
)
("C:\MiKTeX 2.9\tex\latex\base\fontenc.sty"
Package: fontenc 2017/04/05 v2.0i Standard LaTeX package

("C:\MiKTeX 2.9\tex\latex\base\t1enc.def"
File: t1enc.def 2017/04/05 v2.0i Standard LaTeX file
LaTeX Font Info:    Redeclaring font encoding T1 on input line 48.
))
("C:\MiKTeX 2.9\tex\latex\graphics\graphicx.sty"
Package: graphicx 2014/10/28 v1.0g Enhanced LaTeX Graphics (DPC,SPQR)

("C:\MiKTeX 2.9\tex\latex\graphics\graphics.sty"
Package: graphics 2017/04/14 v1.1b Standard LaTeX Graphics (DPC,SPQR)

("C:\MiKTeX 2.9\tex\latex\graphics\trig.sty"
Package: trig 2016/01/03 v1.10 sin cos tan (DPC)
)
("C:\MiKTeX 2.9\tex\latex\graphics-cfg\graphics.cfg"
File: graphics.cfg 2016/06/04 v1.11 sample graphics configuration
)
Package graphics Info: Driver file: pdftex.def on input line 99.

("C:\MiKTeX 2.9\tex\latex\graphics-def\pdftex.def"
File: pdftex.def 2017/01/12 v0.06k Graphics/color for pdfTeX

("C:\MiKTeX 2.9\tex\generic\oberdiek\infwarerr.sty"
Package: infwarerr 2016/05/16 v1.4 Providing info/warning/error messages (HO)
)
("C:\MiKTeX 2.9\tex\generic\oberdiek\ltxcmds.sty"
Package: ltxcmds 2016/05/16 v1.23 LaTeX kernel commands for general use (HO)
)
\Gread@gobject=\count88
))
\Gin@req@height=\dimen103
\Gin@req@width=\dimen104
)
("C:\MiKTeX 2.9\tex\latex\geometry\geometry.sty"
Package: geometry 2010/09/12 v5.6 Page Geometry

("C:\MiKTeX 2.9\tex\generic\oberdiek\ifpdf.sty"
Package: ifpdf 2017/03/15 v3.2 Provides the ifpdf switch
)
("C:\MiKTeX 2.9\tex\generic\oberdiek\ifvtex.sty"
Package: ifvtex 2016/05/16 v1.6 Detect VTeX and its facilities (HO)
Package ifvtex Info: VTeX not detected.
)
("C:\MiKTeX 2.9\tex\generic\ifxetex\ifxetex.sty"
Package: ifxetex 2010/09/12 v0.6 Provides ifxetex conditional
)
\Gm@cnth=\count89
\Gm@cntv=\count90
\c@Gm@tempcnt=\count91
\Gm@bindingoffset=\dimen105
\Gm@wd@mp=\dimen106
\Gm@odd@mp=\dimen107
\Gm@even@mp=\dimen108
\Gm@layoutwidth=\dimen109
\Gm@layoutheight=\dimen110
\Gm@layouthoffset=\dimen111
\Gm@layoutvoffset=\dimen112
\Gm@dimlist=\toks15

("C:\MiKTeX 2.9\tex\latex\geometry\geometry.cfg"))
("C:\MiKTeX 2.9\tex\latex\hyperref\hyperref.sty"
Package: hyperref 2017/03/14 v6.85a Hypertext links for LaTeX

("C:\MiKTeX 2.9\tex\generic\oberdiek\hobsub-hyperref.sty"
Package: hobsub-hyperref 2016/05/16 v1.14 Bundle oberdiek, subset hyperref (HO)


("C:\MiKTeX 2.9\tex\generic\oberdiek\hobsub-generic.sty"
Package: hobsub-generic 2016/05/16 v1.14 Bundle oberdiek, subset generic (HO)
Package: hobsub 2016/05/16 v1.14 Construct package bundles (HO)
Package hobsub Info: Skipping package `infwarerr' (already loaded).
Package hobsub Info: Skipping package `ltxcmds' (already loaded).
Package: ifluatex 2016/05/16 v1.4 Provides the ifluatex switch (HO)
Package ifluatex Info: LuaTeX not detected.
Package hobsub Info: Skipping package `ifvtex' (already loaded).
Package: intcalc 2016/05/16 v1.2 Expandable calculations with integers (HO)
Package hobsub Info: Skipping package `ifpdf' (already loaded).
Package: etexcmds 2016/05/16 v1.6 Avoid name clashes with e-TeX commands (HO)
Package etexcmds Info: Could not find \expanded.
(etexcmds)             That can mean that you are not using pdfTeX 1.50 or
(etexcmds)             that some package has redefined \expanded.
(etexcmds)             In the latter case, load this package earlier.
Package: kvsetkeys 2016/05/16 v1.17 Key value parser (HO)
Package: kvdefinekeys 2016/05/16 v1.4 Define keys (HO)
Package: pdftexcmds 2017/03/19 v0.25 Utility functions of pdfTeX for LuaTeX (HO
)
Package pdftexcmds Info: LuaTeX not detected.
Package pdftexcmds Info: \pdf@primitive is available.
Package pdftexcmds Info: \pdf@ifprimitive is available.
Package pdftexcmds Info: \pdfdraftmode found.
Package: pdfescape 2016/05/16 v1.14 Implements pdfTeX's escape features (HO)
Package: bigintcalc 2016/05/16 v1.4 Expandable calculations on big integers (HO
)
Package: bitset 2016/05/16 v1.2 Handle bit-vector datatype (HO)
Package: uniquecounter 2016/05/16 v1.3 Provide unlimited unique counter (HO)
)
Package hobsub Info: Skipping package `hobsub' (already loaded).
Package: letltxmacro 2016/05/16 v1.5 Let assignment for LaTeX macros (HO)
Package: hopatch 2016/05/16 v1.3 Wrapper for package hooks (HO)
Package: xcolor-patch 2016/05/16 xcolor patch
Package: atveryend 2016/05/16 v1.9 Hooks at the very end of document (HO)
Package atveryend Info: \enddocument detected (standard20110627).
Package: atbegshi 2016/06/09 v1.18 At begin shipout hook (HO)
Package: refcount 2016/05/16 v3.5 Data extraction from label references (HO)
Package: hycolor 2016/05/16 v1.8 Color options for hyperref/bookmark (HO)
)
("C:\MiKTeX 2.9\tex\latex\oberdiek\auxhook.sty"
Package: auxhook 2016/05/16 v1.4 Hooks for auxiliary files (HO)
)
("C:\MiKTeX 2.9\tex\latex\oberdiek\kvoptions.sty"
Package: kvoptions 2016/05/16 v3.12 Key value format for package options (HO)
)
\@linkdim=\dimen113
\Hy@linkcounter=\count92
\Hy@pagecounter=\count93

("C:\MiKTeX 2.9\tex\latex\hyperref\pd1enc.def"
File: pd1enc.def 2017/03/14 v6.85a Hyperref: PDFDocEncoding definition (HO)
)
\Hy@SavedSpaceFactor=\count94

("C:\MiKTeX 2.9\tex\latex\00miktex\hyperref.cfg"
File: hyperref.cfg 2002/06/06 v1.2 hyperref configuration of TeXLive
)
Package hyperref Info: Hyper figures OFF on input line 4498.
Package hyperref Info: Link nesting OFF on input line 4503.
Package hyperref Info: Hyper index ON on input line 4506.
Package hyperref Info: Plain pages OFF on input line 4513.
Package hyperref Info: Backreferencing OFF on input line 4518.
Package hyperref Info: Implicit mode ON; LaTeX internals redefined.
Package hyperref Info: Bookmarks ON on input line 4751.
\c@Hy@tempcnt=\count95

("C:\MiKTeX 2.9\tex\latex\url\url.sty"
\Urlmuskip=\muskip10
Package: url 2013/09/16  ver 3.4  Verb mode for urls, etc.
)
LaTeX Info: Redefining \url on input line 5104.
\XeTeXLinkMargin=\dimen114
\Fld@menulength=\count96
\Field@Width=\dimen115
\Fld@charsize=\dimen116
Package hyperref Info: Hyper figures OFF on input line 6358.
Package hyperref Info: Link nesting OFF on input line 6363.
Package hyperref Info: Hyper index ON on input line 6366.
Package hyperref Info: backreferencing OFF on input line 6373.
Package hyperref Info: Link coloring OFF on input line 6378.
Package hyperref Info: Link coloring with OCG OFF on input line 6383.
Package hyperref Info: PDF/A mode OFF on input line 6388.
LaTeX Info: Redefining \ref on input line 6428.
LaTeX Info: Redefining \pageref on input line 6432.
\Hy@abspage=\count97
\c@Item=\count98
\c@Hfootnote=\count99
)

Package hyperref Message: Driver (autodetected): hpdftex.

("C:\MiKTeX 2.9\tex\latex\hyperref\hpdftex.def"
File: hpdftex.def 2017/03/14 v6.85a Hyperref driver for pdfTeX
\Fld@listcount=\count100
\c@bookmark@seq@number=\count101

("C:\MiKTeX 2.9\tex\latex\oberdiek\rerunfilecheck.sty"
Package: rerunfilecheck 2016/05/16 v1.8 Rerun checks for auxiliary files (HO)
Package uniquecounter Info: New unique counter `rerunfilecheck' on input line 2
82.
)
\Hy@SectionHShift=\skip55
)
("C:\MiKTeX 2.9\tex\latex\tabu\tabu.sty"
Package: tabu 2011/02/26 v2.8 - flexible LaTeX tabulars (FC)

("C:\MiKTeX 2.9\tex\latex\tools\array.sty"
Package: array 2016/10/06 v2.4d Tabular extension package (FMi)
\col@sep=\dimen117
\extrarowheight=\dimen118
\NC@list=\toks16
\extratabsurround=\skip56
\backup@length=\skip57
)
("C:\MiKTeX 2.9\tex\latex\ltxmisc\varwidth.sty"
Package: varwidth 2009/03/30 ver 0.92;  Variable-width minipages
\@vwid@box=\box28
\sift@deathcycles=\count102
\@vwid@loff=\dimen119
\@vwid@roff=\dimen120
)
\c@taburow=\count103
\tabu@nbcols=\count104
\tabu@cnt=\count105
\tabu@Xcol=\count106
\tabu@alloc=\count107
\tabu@nested=\count108
\tabu@target=\dimen121
\tabu@spreadtarget=\dimen122
\tabu@naturalX=\dimen123
\tabucolX=\dimen124
\tabu@Xsum=\dimen125
\extrarowdepth=\dimen126
\abovetabulinesep=\dimen127
\belowtabulinesep=\dimen128
\tabustrutrule=\dimen129
\tabu@thebody=\toks17
\tabu@footnotes=\toks18
\tabu@box=\box29
\tabu@arstrutbox=\box30
\tabu@hleads=\box31
\tabu@vleads=\box32
\tabu@cellskip=\skip58
)
("C:\MiKTeX 2.9\tex\latex\booktabs\booktabs.sty"
Package: booktabs 2005/04/14 v1.61803 publication quality tables
\heavyrulewidth=\dimen130
\lightrulewidth=\dimen131
\cmidrulewidth=\dimen132
\belowrulesep=\dimen133
\belowbottomsep=\dimen134
\aboverulesep=\dimen135
\abovetopsep=\dimen136
\cmidrulesep=\dimen137
\cmidrulekern=\dimen138
\defaultaddspace=\dimen139
\@cmidla=\count109
\@cmidlb=\count110
\@aboverulesep=\dimen140
\@belowrulesep=\dimen141
\@thisruleclass=\count111
\@lastruleclass=\count112
\@thisrulewidth=\dimen142
)
("C:\MiKTeX 2.9\tex\latex\minted\minted.sty"
Package: minted 2016/10/31 v2.4.1 Yet another Pygments shim for LaTeX

("C:\MiKTeX 2.9\tex\latex\fvextra\fvextra.sty"
Package: fvextra 2016/09/02 v1.2.1 fvextra - extensions and patches for fancyvr
b

("C:\MiKTeX 2.9\tex\latex\base\ifthen.sty"
Package: ifthen 2014/09/29 v1.1c Standard LaTeX ifthen package (DPC)
)
("C:\MiKTeX 2.9\tex\latex\etoolbox\etoolbox.sty"
Package: etoolbox 2017/01/02 v2.4 e-TeX tools for LaTeX (JAW)
\etb@tempcnta=\count113
)
("C:\MiKTeX 2.9\tex\latex\fancyvrb\fancyvrb.sty"
Package: fancyvrb 2008/02/07

Style option: `fancyvrb' v2.7a, with DG/SPQR fixes, and firstline=lastline fix 
<2008/02/07> (tvz)
\FV@CodeLineNo=\count114
\FV@InFile=\read1
\FV@TabBox=\box33
\c@FancyVerbLine=\count115
\FV@StepNumber=\count116
\FV@OutFile=\write3
) ("C:\MiKTeX 2.9\tex\latex\upquote\upquote.sty"
Package: upquote 2012/04/19 v1.3 upright-quote and grave-accent glyphs in verba
tim

("C:\MiKTeX 2.9\tex\latex\base\textcomp.sty"
Package: textcomp 2017/04/05 v2.0i Standard LaTeX package
Package textcomp Info: Sub-encoding information:
(textcomp)               5 = only ISO-Adobe without \textcurrency
(textcomp)               4 = 5 + \texteuro
(textcomp)               3 = 4 + \textohm
(textcomp)               2 = 3 + \textestimated + \textcurrency
(textcomp)               1 = TS1 - \textcircled - \t
(textcomp)               0 = TS1 (full)
(textcomp)             Font families with sub-encoding setting implement
(textcomp)             only a restricted character set as indicated.
(textcomp)             Family '?' is the default used for unknown fonts.
(textcomp)             See the documentation for details.
Package textcomp Info: Setting ? sub-encoding to TS1/1 on input line 79.

("C:\MiKTeX 2.9\tex\latex\base\ts1enc.def"
File: ts1enc.def 2001/06/05 v3.0e (jk/car/fm) Standard LaTeX file
)
LaTeX Info: Redefining \oldstylenums on input line 334.
Package textcomp Info: Setting cmr sub-encoding to TS1/0 on input line 349.
Package textcomp Info: Setting cmss sub-encoding to TS1/0 on input line 350.
Package textcomp Info: Setting cmtt sub-encoding to TS1/0 on input line 351.
Package textcomp Info: Setting cmvtt sub-encoding to TS1/0 on input line 352.
Package textcomp Info: Setting cmbr sub-encoding to TS1/0 on input line 353.
Package textcomp Info: Setting cmtl sub-encoding to TS1/0 on input line 354.
Package textcomp Info: Setting ccr sub-encoding to TS1/0 on input line 355.
Package textcomp Info: Setting ptm sub-encoding to TS1/4 on input line 356.
Package textcomp Info: Setting pcr sub-encoding to TS1/4 on input line 357.
Package textcomp Info: Setting phv sub-encoding to TS1/4 on input line 358.
Package textcomp Info: Setting ppl sub-encoding to TS1/3 on input line 359.
Package textcomp Info: Setting pag sub-encoding to TS1/4 on input line 360.
Package textcomp Info: Setting pbk sub-encoding to TS1/4 on input line 361.
Package textcomp Info: Setting pnc sub-encoding to TS1/4 on input line 362.
Package textcomp Info: Setting pzc sub-encoding to TS1/4 on input line 363.
Package textcomp Info: Setting bch sub-encoding to TS1/4 on input line 364.
Package textcomp Info: Setting put sub-encoding to TS1/5 on input line 365.
Package textcomp Info: Setting uag sub-encoding to TS1/5 on input line 366.
Package textcomp Info: Setting ugq sub-encoding to TS1/5 on input line 367.
Package textcomp Info: Setting ul8 sub-encoding to TS1/4 on input line 368.
Package textcomp Info: Setting ul9 sub-encoding to TS1/4 on input line 369.
Package textcomp Info: Setting augie sub-encoding to TS1/5 on input line 370.
Package textcomp Info: Setting dayrom sub-encoding to TS1/3 on input line 371.
Package textcomp Info: Setting dayroms sub-encoding to TS1/3 on input line 372.

Package textcomp Info: Setting pxr sub-encoding to TS1/0 on input line 373.
Package textcomp Info: Setting pxss sub-encoding to TS1/0 on input line 374.
Package textcomp Info: Setting pxtt sub-encoding to TS1/0 on input line 375.
Package textcomp Info: Setting txr sub-encoding to TS1/0 on input line 376.
Package textcomp Info: Setting txss sub-encoding to TS1/0 on input line 377.
Package textcomp Info: Setting txtt sub-encoding to TS1/0 on input line 378.
Package textcomp Info: Setting lmr sub-encoding to TS1/0 on input line 379.
Package textcomp Info: Setting lmdh sub-encoding to TS1/0 on input line 380.
Package textcomp Info: Setting lmss sub-encoding to TS1/0 on input line 381.
Package textcomp Info: Setting lmssq sub-encoding to TS1/0 on input line 382.
Package textcomp Info: Setting lmvtt sub-encoding to TS1/0 on input line 383.
Package textcomp Info: Setting lmtt sub-encoding to TS1/0 on input line 384.
Package textcomp Info: Setting qhv sub-encoding to TS1/0 on input line 385.
Package textcomp Info: Setting qag sub-encoding to TS1/0 on input line 386.
Package textcomp Info: Setting qbk sub-encoding to TS1/0 on input line 387.
Package textcomp Info: Setting qcr sub-encoding to TS1/0 on input line 388.
Package textcomp Info: Setting qcs sub-encoding to TS1/0 on input line 389.
Package textcomp Info: Setting qpl sub-encoding to TS1/0 on input line 390.
Package textcomp Info: Setting qtm sub-encoding to TS1/0 on input line 391.
Package textcomp Info: Setting qzc sub-encoding to TS1/0 on input line 392.
Package textcomp Info: Setting qhvc sub-encoding to TS1/0 on input line 393.
Package textcomp Info: Setting futs sub-encoding to TS1/4 on input line 394.
Package textcomp Info: Setting futx sub-encoding to TS1/4 on input line 395.
Package textcomp Info: Setting futj sub-encoding to TS1/4 on input line 396.
Package textcomp Info: Setting hlh sub-encoding to TS1/3 on input line 397.
Package textcomp Info: Setting hls sub-encoding to TS1/3 on input line 398.
Package textcomp Info: Setting hlst sub-encoding to TS1/3 on input line 399.
Package textcomp Info: Setting hlct sub-encoding to TS1/5 on input line 400.
Package textcomp Info: Setting hlx sub-encoding to TS1/5 on input line 401.
Package textcomp Info: Setting hlce sub-encoding to TS1/5 on input line 402.
Package textcomp Info: Setting hlcn sub-encoding to TS1/5 on input line 403.
Package textcomp Info: Setting hlcw sub-encoding to TS1/5 on input line 404.
Package textcomp Info: Setting hlcf sub-encoding to TS1/5 on input line 405.
Package textcomp Info: Setting pplx sub-encoding to TS1/3 on input line 406.
Package textcomp Info: Setting pplj sub-encoding to TS1/3 on input line 407.
Package textcomp Info: Setting ptmx sub-encoding to TS1/4 on input line 408.
Package textcomp Info: Setting ptmj sub-encoding to TS1/4 on input line 409.
))
("C:\MiKTeX 2.9\tex\latex\lineno\lineno.sty"
Package: lineno 2005/11/02 line numbers on paragraphs v4.41
\linenopenalty=\count117
\output=\toks19
\linenoprevgraf=\count118
\linenumbersep=\dimen143
\linenumberwidth=\dimen144
\c@linenumber=\count119
\c@pagewiselinenumber=\count120
\c@LN@truepage=\count121
\c@internallinenumber=\count122
\c@internallinenumbers=\count123
\quotelinenumbersep=\dimen145
\bframerule=\dimen146
\bframesep=\dimen147
\bframebox=\box34
LaTeX Info: Redefining \\ on input line 3056.
)
\c@FV@TrueTabGroupLevel=\count124
\c@FV@TrueTabCounter=\count125
\FV@TabBox@Group=\box35
\FV@TmpLength=\skip59
\c@FV@HighlightLinesStart=\count126
\c@FV@HighlightLinesStop=\count127
\FV@BreakIndent=\dimen148
\FV@BreakSymbolSepLeft=\dimen149
\FV@BreakSymbolSepRight=\dimen150
\FV@BreakSymbolIndentLeft=\dimen151
LaTeX Font Info:    Try loading font information for T1+cmtt on input line 562.


("C:\MiKTeX 2.9\tex\latex\base\t1cmtt.fd"
File: t1cmtt.fd 2014/09/29 v2.5h Standard LaTeX font definitions
)
\FV@BreakSymbolIndentRight=\dimen152
\c@FancyVerbLineBreakLast=\count128
\FV@LineBox=\box36
\FV@LineIndentBox=\box37
)
("C:\MiKTeX 2.9\tex\latex\float\float.sty"
Package: float 2001/11/08 v1.3d Float enhancements (AL)
\c@float@type=\count129
\float@exts=\toks20
\float@box=\box38
\@float@everytoks=\toks21
\@floatcapt=\box39
)
("C:\MiKTeX 2.9\tex\latex\tools\calc.sty"
Package: calc 2014/10/28 v4.3 Infix arithmetic (KKT,FJ)
\calc@Acount=\count130
\calc@Bcount=\count131
\calc@Adimen=\dimen153
\calc@Bdimen=\dimen154
\calc@Askip=\skip60
\calc@Bskip=\skip61
LaTeX Info: Redefining \setlength on input line 80.
LaTeX Info: Redefining \addtolength on input line 81.
\calc@Ccount=\count132
\calc@Cskip=\skip62
)
("C:\MiKTeX 2.9\tex\latex\tools\shellesc.sty"
Package: shellesc 2016/06/07 v0.02a unified shell escape interface for LaTeX
Package shellesc Info: Unrestricted shell escape enabled on input line 67.
)
("C:\MiKTeX 2.9\tex\latex\ifplatform\ifplatform.sty"
Package: ifplatform 2010/10/22 v0.4 Testing for the operating system

("C:\MiKTeX 2.9\tex\generic\oberdiek\catchfile.sty"
Package: catchfile 2016/05/16 v1.7 Catch the contents of a file (HO)
))
("C:\MiKTeX 2.9\tex\latex\xstring\xstring.sty"
("C:\MiKTeX 2.9\tex\generic\xstring\xstring.tex"
\@xs@message=\write4
\integerpart=\count133
\decimalpart=\count134
)
Package: xstring 2013/10/13  v1.7c  String manipulations (C Tellechea)
)
("C:\MiKTeX 2.9\tex\latex\framed\framed.sty"
Package: framed 2011/10/22 v 0.96: framed or shaded text with page breaks
\OuterFrameSep=\skip63
\fb@frw=\dimen155
\fb@frh=\dimen156
\FrameRule=\dimen157
\FrameSep=\dimen158
)
\minted@appexistsfile=\read2
\minted@bgbox=\box40
\minted@code=\write5
\c@minted@FancyVerbLineTemp=\count135
\c@minted@pygmentizecounter=\count136
\@float@every@listing=\toks22
\c@listing=\count137
)
runsystem(if not exist _minted-handout mkdir _minted-handout)...executed.


("C:\MiKTeX 2.9\tex\latex\xcolor\xcolor.sty"
Package: xcolor 2016/05/11 v2.12 LaTeX color extensions (UK)

("C:\MiKTeX 2.9\tex\latex\graphics-cfg\color.cfg"
File: color.cfg 2016/01/02 v1.6 sample color configuration
)
Package xcolor Info: Driver file: pdftex.def on input line 225.
Package xcolor Info: Model `cmy' substituted by `cmy0' on input line 1348.
Package xcolor Info: Model `hsb' substituted by `rgb' on input line 1352.
Package xcolor Info: Model `RGB' extended on input line 1364.
Package xcolor Info: Model `HTML' substituted by `rgb' on input line 1366.
Package xcolor Info: Model `Hsb' substituted by `hsb' on input line 1367.
Package xcolor Info: Model `tHsb' substituted by `hsb' on input line 1368.
Package xcolor Info: Model `HSB' substituted by `hsb' on input line 1369.
Package xcolor Info: Model `Gray' substituted by `gray' on input line 1370.
Package xcolor Info: Model `wave' substituted by `hsb' on input line 1371.
)
runsystem(for ^%i in (pygmentize.exe pygmentize.bat pygmentize.cmd) do set > ha
ndout.aex <nul: /p x=^%~$PATH:i>> handout.aex)...executed.

runsystem(del handout.aex)...executed.

 (handout.aux)
\openout1 = `handout.aux'.

LaTeX Font Info:    Checking defaults for OML/cmm/m/it on input line 38.
LaTeX Font Info:    ... okay on input line 38.
LaTeX Font Info:    Checking defaults for T1/cmr/m/n on input line 38.
LaTeX Font Info:    ... okay on input line 38.
LaTeX Font Info:    Checking defaults for OT1/cmr/m/n on input line 38.
LaTeX Font Info:    ... okay on input line 38.
LaTeX Font Info:    Checking defaults for OMS/cmsy/m/n on input line 38.
LaTeX Font Info:    ... okay on input line 38.
LaTeX Font Info:    Checking defaults for OMX/cmex/m/n on input line 38.
LaTeX Font Info:    ... okay on input line 38.
LaTeX Font Info:    Checking defaults for U/cmr/m/n on input line 38.
LaTeX Font Info:    ... okay on input line 38.
LaTeX Font Info:    Checking defaults for PD1/pdf/m/n on input line 38.
LaTeX Font Info:    ... okay on input line 38.
LaTeX Font Info:    Checking defaults for TS1/cmr/m/n on input line 38.
LaTeX Font Info:    Try loading font information for TS1+cmr on input line 38.

("C:\MiKTeX 2.9\tex\latex\base\ts1cmr.fd"
File: ts1cmr.fd 2014/09/29 v2.5h Standard LaTeX font definitions
)
LaTeX Font Info:    ... okay on input line 38.

("C:\MiKTeX 2.9\tex\context\base\supp-pdf.mkii"
[Loading MPS to PDF converter (version 2006.09.02).]
\scratchcounter=\count138
\scratchdimen=\dimen159
\scratchbox=\box41
\nofMPsegments=\count139
\nofMParguments=\count140
\everyMPshowfont=\toks23
\MPscratchCnt=\count141
\MPscratchDim=\dimen160
\MPnumerator=\count142
\makeMPintoPDFobject=\count143
\everyMPtoPDFconversion=\toks24
) ("C:\MiKTeX 2.9\tex\latex\oberdiek\epstopdf-base.sty"
Package: epstopdf-base 2016/05/15 v2.6 Base part for package epstopdf

("C:\MiKTeX 2.9\tex\latex\oberdiek\grfext.sty"
Package: grfext 2016/05/16 v1.2 Manage graphics extensions (HO)
)
Package epstopdf-base Info: Redefining graphics rule for `.eps' on input line 4
38.
Package grfext Info: Graphics extension search list:
(grfext)             [.png,.pdf,.jpg,.mps,.jpeg,.jbig2,.jb2,.PNG,.PDF,.JPG,.JPE
G,.JBIG2,.JB2,.eps]
(grfext)             \AppendGraphicsExtensions on input line 456.
)
*geometry* driver: auto-detecting
*geometry* detected driver: pdftex
*geometry* verbose mode - [ preamble ] result:
* driver: pdftex
* paper: a4paper
* layout: <same size as paper>
* layoutoffset:(h,v)=(0.0pt,0.0pt)
* modes: 
* h-part:(L,W,R)=(99.58464pt, 426.79135pt, 71.13188pt)
* v-part:(T,H,B)=(85.35826pt, 688.5567pt, 71.13188pt)
* \paperwidth=597.50787pt
* \paperheight=845.04684pt
* \textwidth=426.79135pt
* \textheight=688.5567pt
* \oddsidemargin=27.31465pt
* \evensidemargin=27.31465pt
* \topmargin=-24.31174pt
* \headheight=17.0pt
* \headsep=20.40001pt
* \topskip=11.0pt
* \footskip=47.6pt
* \marginparwidth=59.7508pt
* \marginparsep=12.8401pt
* \columnsep=10.0pt
* \skip\footins=10.0pt plus 4.0pt minus 2.0pt
* \hoffset=0.0pt
* \voffset=0.0pt
* \mag=1000
* \@twocolumnfalse
* \@twosidefalse
* \@mparswitchfalse
* \@reversemarginfalse
* (1in=72.27pt=25.4mm, 1cm=28.453pt)

\AtBeginShipoutBox=\box42
Package hyperref Info: Link coloring OFF on input line 38.
("C:\MiKTeX 2.9\tex\latex\hyperref\nameref.sty"
Package: nameref 2016/05/21 v2.44 Cross-referencing by name of section

("C:\MiKTeX 2.9\tex\generic\oberdiek\gettitlestring.sty"
Package: gettitlestring 2016/05/16 v1.5 Cleanup title references (HO)
)
\c@section@level=\count144
)
LaTeX Info: Redefining \ref on input line 38.
LaTeX Info: Redefining \pageref on input line 38.
LaTeX Info: Redefining \nameref on input line 38.
 (handout.out)
(handout.out)
\@outlinefile=\write6
\openout6 = `handout.out'.

LaTeX Font Info:    External font `cmex10' loaded for size
(Font)              <10.95> on input line 42.
LaTeX Font Info:    External font `cmex10' loaded for size
(Font)              <8> on input line 42.
LaTeX Font Info:    External font `cmex10' loaded for size
(Font)              <6> on input line 42.
LaTeX Font Info:    Try loading font information for T1+cmss on input line 53.
 ("C:\MiKTeX 2.9\tex\latex\base\t1cmss.fd"
File: t1cmss.fd 2014/09/29 v2.5h Standard LaTeX font definitions
) (handout.toc)
\tf@toc=\write7
\openout7 = `handout.toc'.


<screenshot001.png, id=53, 386.94562pt x 503.63156pt>
File: screenshot001.png Graphic file (type png)
 <use screenshot001.png>
Package pdftex.def Info: screenshot001.png used on input line 80.
(pdftex.def)             Requested size: 298.75264pt x 388.85031pt.

[1

{C:/Users/Marios/AppData/Local/MiKTeX/2.9/pdftex/config/pdftex.map}] [2pdfTeX w
arning (ext4): destination with the same identifier (name{figure.1}) has been a
lready used, duplicate ignored

\AtBegShi@Output ...ipout \box \AtBeginShipoutBox 
                                                  \fi \fi 
l.88 
      <./screenshot001.png (PNG copy)>]
LaTeX Font Info:    Font shape `T1/cmtt/bx/n' in size <12> not available
(Font)              Font shape `T1/cmtt/m/n' tried instead on input line 94.
\openout3 = `handout.pyg'.


(_minted-handout/default-pyg-prefix.pygstyle) (_minted-handout/vs.pygstyle)
(_minted-handout/4DACEFF1397AA97B34B5FE3B436C6AE71D5B27743D9AA396A833674F0F6D88
E2.pygtex [3])
\openout3 = `handout.pyg'.


(_minted-handout/3A7E561CFFA461893FC8EE5757EA96B76533AAA0CED0B80A1AF7AE6C6B8E60
F1.pygtex
LaTeX Font Info:    External font `cmex10' loaded for size
(Font)              <5> on input line 2.
)
\openout3 = `handout.pyg'.


(_minted-handout/B20A1E9E44C2829EC341C0F4DC2A24586533AAA0CED0B80A1AF7AE6C6B8E60
F1.pygtex)
\openout3 = `handout.pyg'.


(_minted-handout/0969112020C2DD768626D167DBA885386533AAA0CED0B80A1AF7AE6C6B8E60
F1.pygtex)
\openout3 = `handout.pyg'.


(_minted-handout/55D6DFFE096A7F2AF7F2355A4AD7937B6533AAA0CED0B80A1AF7AE6C6B8E60
F1.pygtex)
\openout3 = `handout.pyg'.


(_minted-handout/656559AA1C4A8B6C78BC9F80169D3DB16533AAA0CED0B80A1AF7AE6C6B8E60
F1.pygtex [4])
\openout3 = `handout.pyg'.


(_minted-handout/201263BED979DDCEC428AC86C9786FDB4E7A91B95F2C52D5923A7F2FD912E6
30.pygtex) <Screenshot_1496826673.png, id=99, 770.88pt x 1284.8pt>
File: Screenshot_1496826673.png Graphic file (type png)

<use Screenshot_1496826673.png>
Package pdftex.def Info: Screenshot_1496826673.png used on input line 243.
(pdftex.def)             Requested size: 213.39568pt x 355.64423pt.
\openout3 = `handout.pyg'.


(_minted-handout/26001A3343DFFCC36A2A356BF04414884E7A91B95F2C52D5923A7F2FD912E6
30.pygtex [5] [6pdfTeX warning (ext4): destination with the same identifier (na
me{figure.2}) has been already used, duplicate ignored

\AtBegShi@Output ...ipout \box \AtBeginShipoutBox 
                                                  \fi \fi 
l.1 \begin{Verbatim}[commandchars=\\\{\}]
                                          <./Screenshot_1496826673.png>])
\openout3 = `handout.pyg'.


(_minted-handout/A327E2E80338D068D4BD3CB4756CFB741D5B27743D9AA396A833674F0F6D88
E2.pygtex [7]) <Screenshot_1496827169.png, id=125, 770.88pt x 1284.8pt>
File: Screenshot_1496827169.png Graphic file (type png)

<use Screenshot_1496827169.png>
Package pdftex.def Info: Screenshot_1496827169.png used on input line 326.
(pdftex.def)             Requested size: 149.37631pt x 248.95683pt.

<Screenshot_1496834779.png, id=126, 770.88pt x 1284.8pt>
File: Screenshot_1496834779.png Graphic file (type png)

<use Screenshot_1496834779.png>
Package pdftex.def Info: Screenshot_1496834779.png used on input line 332.
(pdftex.def)             Requested size: 149.37631pt x 248.95683pt.

Overfull \hbox (2.42162pt too wide) in paragraph at lines 324--336
[]$[]$ $[]$ 
 []

\openout3 = `handout.pyg'.


(_minted-handout/AF8A25B53D7A01A526DCF4D5772BB1E24E7A91B95F2C52D5923A7F2FD912E6
30.pygtex [8pdfTeX warning (ext4): destination with the same identifier (name{f
igure.3}) has been already used, duplicate ignored

\AtBegShi@Output ...ipout \box \AtBeginShipoutBox 
                                                  \fi \fi 
l.10 ...c\PYGZus{}launcher\PYGZus{}round\PYGZdq{}}
                                                  pdfTeX warning (ext4): destin
ation with the same identifier (name{figure.4}) has been already used, duplicat
e ignored

\AtBegShi@Output ...ipout \box \AtBeginShipoutBox 
                                                  \fi \fi 
l.10 ...c\PYGZus{}launcher\PYGZus{}round\PYGZdq{}}
                                                   <./Screenshot_1496827169.png
> <./Screenshot_1496834779.png>])
\openout3 = `handout.pyg'.


(_minted-handout/8E55599148ABB156D724CFDCB4B033F74E7A91B95F2C52D5923A7F2FD912E6
30.pygtex [9])
\openout3 = `handout.pyg'.


(_minted-handout/7D68C044CC0B9260548668A7483DCBE44E7A91B95F2C52D5923A7F2FD912E6
30.pygtex)
\openout3 = `handout.pyg'.


(_minted-handout/3978982271DECE174143593867A93BFF1D5B27743D9AA396A833674F0F6D88
E2.pygtex [10]) <Screenshot_1496833584.png, id=152, 770.88pt x 1284.8pt>
File: Screenshot_1496833584.png Graphic file (type png)

<use Screenshot_1496833584.png>
Package pdftex.def Info: Screenshot_1496833584.png used on input line 474.
(pdftex.def)             Requested size: 149.37631pt x 248.95683pt.

<Screenshot_1496833588.png, id=153, 770.88pt x 1284.8pt>
File: Screenshot_1496833588.png Graphic file (type png)

<use Screenshot_1496833588.png>
Package pdftex.def Info: Screenshot_1496833588.png used on input line 480.
(pdftex.def)             Requested size: 149.37631pt x 248.95683pt.

Overfull \hbox (2.42162pt too wide) in paragraph at lines 472--484
[]$[]$ $[]$ 
 []

\openout3 = `handout.pyg'.


(_minted-handout/C165A201E729CBC688835CAC37EFE6DC4E7A91B95F2C52D5923A7F2FD912E6
30.pygtex [11pdfTeX warning (ext4): destination with the same identifier (name{
figure.5}) has been already used, duplicate ignored

\AtBegShi@Output ...ipout \box \AtBeginShipoutBox 
                                                  \fi \fi 
l.12 ...s}{\PYGZdq{}wrap\PYGZus{}content\PYGZdq{}}
                                                  pdfTeX warning (ext4): destin
ation with the same identifier (name{figure.6}) has been already used, duplicat
e ignored

\AtBegShi@Output ...ipout \box \AtBeginShipoutBox 
                                                  \fi \fi 
l.12 ...s}{\PYGZdq{}wrap\PYGZus{}content\PYGZdq{}}
                                                   <./Screenshot_1496833584.png
> <./Screenshot_1496833588.png>] [12])
\openout3 = `handout.pyg'.


(_minted-handout/099284ADF4E27551B3F53EDCFE742EFE1D5B27743D9AA396A833674F0F6D88
E2.pygtex)
\openout3 = `handout.pyg'.


(_minted-handout/5150ED4AFECED4954ED76D1A9319B0041D5B27743D9AA396A833674F0F6D88
E2.pygtex [13]) <Screenshot_1496836379.png, id=180, 770.88pt x 1284.8pt>
File: Screenshot_1496836379.png Graphic file (type png)

<use Screenshot_1496836379.png>
Package pdftex.def Info: Screenshot_1496836379.png used on input line 646.
(pdftex.def)             Requested size: 149.37631pt x 248.95683pt.

<Screenshot_1496836388.png, id=181, 770.88pt x 1284.8pt>
File: Screenshot_1496836388.png Graphic file (type png)

<use Screenshot_1496836388.png>
Package pdftex.def Info: Screenshot_1496836388.png used on input line 652.
(pdftex.def)             Requested size: 149.37631pt x 248.95683pt.

Overfull \hbox (2.42162pt too wide) in paragraph at lines 644--656
[]$[]$ $[]$ 
 []

<Screenshot_1496836393.png, id=182, 770.88pt x 1284.8pt>
File: Screenshot_1496836393.png Graphic file (type png)

<use Screenshot_1496836393.png>
Package pdftex.def Info: Screenshot_1496836393.png used on input line 661.
(pdftex.def)             Requested size: 149.37631pt x 248.95683pt.

<Screenshot_1496836397.png, id=183, 770.88pt x 1284.8pt>
File: Screenshot_1496836397.png Graphic file (type png)

<use Screenshot_1496836397.png>
Package pdftex.def Info: Screenshot_1496836397.png used on input line 667.
(pdftex.def)             Requested size: 149.37631pt x 248.95683pt.

Overfull \hbox (2.42162pt too wide) in paragraph at lines 659--671
[]$[]$ $[]$ 
 []

\openout3 = `handout.pyg'.


(_minted-handout/F86EF98A3875A0CEEEB70B0E872D59AA4E7A91B95F2C52D5923A7F2FD912E6
30.pygtex [14] [15pdfTeX warning (ext4): destination with the same identifier (
name{figure.7}) has been already used, duplicate ignored

\AtBegShi@Output ...ipout \box \AtBeginShipoutBox 
                                                  \fi \fi 
l.6 	\PYG{n+nt}{\PYGZlt{}application}
                                     pdfTeX warning (ext4): destination with th
e same identifier (name{figure.8}) has been already used, duplicate ignored

\AtBegShi@Output ...ipout \box \AtBeginShipoutBox 
                                                  \fi \fi 
l.6 	\PYG{n+nt}{\PYGZlt{}application}
                                     pdfTeX warning (ext4): destination with th
e same identifier (name{figure.9}) has been already used, duplicate ignored

\AtBegShi@Output ...ipout \box \AtBeginShipoutBox 
                                                  \fi \fi 
l.6 	\PYG{n+nt}{\PYGZlt{}application}
                                     pdfTeX warning (ext4): destination with th
e same identifier (name{figure.10}) has been already used, duplicate ignored

\AtBegShi@Output ...ipout \box \AtBeginShipoutBox 
                                                  \fi \fi 
l.6 	\PYG{n+nt}{\PYGZlt{}application}
                                      <./Screenshot_1496836379.png> <./Screensh
ot_1496836388.png> <./Screenshot_1496836393.png> <./Screenshot_1496836397.png>]
)
\openout3 = `handout.pyg'.


(_minted-handout/00E401FF898BF7926447396471BD7F5B4E7A91B95F2C52D5923A7F2FD912E6
30.pygtex)
\openout3 = `handout.pyg'.


(_minted-handout/7C650F7B7015F1AE931AA4A0F232D0354E7A91B95F2C52D5923A7F2FD912E6
30.pygtex [16])
\openout3 = `handout.pyg'.


(_minted-handout/2F75CA6F43E049493A03B06D4187C9881D5B27743D9AA396A833674F0F6D88
E2.pygtex [17])
\openout3 = `handout.pyg'.


(_minted-handout/2E212E39C2F01177EA3DD7372FDBCD221D5B27743D9AA396A833674F0F6D88
E2.pygtex [18]) <Screenshot_1496841041.png, id=228, 770.88pt x 1284.8pt>
File: Screenshot_1496841041.png Graphic file (type png)

<use Screenshot_1496841041.png>
Package pdftex.def Info: Screenshot_1496841041.png used on input line 905.
(pdftex.def)             Requested size: 149.37631pt x 248.95683pt.

<Screenshot_1496841043.png, id=229, 770.88pt x 1284.8pt>
File: Screenshot_1496841043.png Graphic file (type png)

<use Screenshot_1496841043.png>
Package pdftex.def Info: Screenshot_1496841043.png used on input line 911.
(pdftex.def)             Requested size: 149.37631pt x 248.95683pt.

Overfull \hbox (2.42162pt too wide) in paragraph at lines 903--915
[]$[]$ $[]$ 
 []

[19] <Screenshot_1496841045.png, id=236, 770.88pt x 1284.8pt>
File: Screenshot_1496841045.png Graphic file (type png)

<use Screenshot_1496841045.png>
Package pdftex.def Info: Screenshot_1496841045.png used on input line 920.
(pdftex.def)             Requested size: 149.37631pt x 248.95683pt.

<Screenshot_1496841047.png, id=237, 770.88pt x 1284.8pt>
File: Screenshot_1496841047.png Graphic file (type png)

<use Screenshot_1496841047.png>
Package pdftex.def Info: Screenshot_1496841047.png used on input line 926.
(pdftex.def)             Requested size: 149.37631pt x 248.95683pt.

Overfull \hbox (2.42162pt too wide) in paragraph at lines 918--930
[]$[]$ $[]$ 
 []

<Screenshot_1496841050.png, id=238, 770.88pt x 1284.8pt>
File: Screenshot_1496841050.png Graphic file (type png)

<use Screenshot_1496841050.png>
Package pdftex.def Info: Screenshot_1496841050.png used on input line 935.
(pdftex.def)             Requested size: 149.37631pt x 248.95683pt.

<Screenshot_1496841052.png, id=239, 770.88pt x 1284.8pt>
File: Screenshot_1496841052.png Graphic file (type png)

<use Screenshot_1496841052.png>
Package pdftex.def Info: Screenshot_1496841052.png used on input line 941.
(pdftex.def)             Requested size: 149.37631pt x 248.95683pt.

Overfull \hbox (2.42162pt too wide) in paragraph at lines 933--945
[]$[]$ $[]$ 
 []

<Screenshot_1496841055.png, id=240, 770.88pt x 1284.8pt>
File: Screenshot_1496841055.png Graphic file (type png)

<use Screenshot_1496841055.png>
Package pdftex.def Info: Screenshot_1496841055.png used on input line 950.
(pdftex.def)             Requested size: 149.37631pt x 248.95683pt.

<Screenshot_1496841057.png, id=241, 770.88pt x 1284.8pt>
File: Screenshot_1496841057.png Graphic file (type png)

<use Screenshot_1496841057.png>
Package pdftex.def Info: Screenshot_1496841057.png used on input line 956.
(pdftex.def)             Requested size: 149.37631pt x 248.95683pt.

Overfull \hbox (2.42162pt too wide) in paragraph at lines 948--960
[]$[]$ $[]$ 
 []

Package atveryend Info: Empty hook `BeforeClearDocument' on input line 968.
[20pdfTeX warning (ext4): destination with the same identifier (name{figure.11}
) has been already used, duplicate ignored

\AtBegShi@Output ...ipout \box \AtBeginShipoutBox 
                                                  \fi \fi 
l.968 \end{document}
                    pdfTeX warning (ext4): destination with the same identifier
 (name{figure.12}) has been already used, duplicate ignored

\AtBegShi@Output ...ipout \box \AtBeginShipoutBox 
                                                  \fi \fi 
l.968 \end{document}
                     <./Screenshot_1496841041.png> <./Screenshot_1496841043.png
>] [21pdfTeX warning (ext4): destination with the same identifier (name{figure.
13}) has been already used, duplicate ignored

\AtBegShi@Output ...ipout \box \AtBeginShipoutBox 
                                                  \fi \fi 
l.968 \end{document}
                    pdfTeX warning (ext4): destination with the same identifier
 (name{figure.14}) has been already used, duplicate ignored

\AtBegShi@Output ...ipout \box \AtBeginShipoutBox 
                                                  \fi \fi 
l.968 \end{document}
                    pdfTeX warning (ext4): destination with the same identifier
 (name{figure.15}) has been already used, duplicate ignored

\AtBegShi@Output ...ipout \box \AtBeginShipoutBox 
                                                  \fi \fi 
l.968 \end{document}
                    pdfTeX warning (ext4): destination with the same identifier
 (name{figure.16}) has been already used, duplicate ignored

\AtBegShi@Output ...ipout \box \AtBeginShipoutBox 
                                                  \fi \fi 
l.968 \end{document}
                     <./Screenshot_1496841045.png> <./Screenshot_1496841047.png
> <./Screenshot_1496841050.png> <./Screenshot_1496841052.png>] [22pdfTeX warnin
g (ext4): destination with the same identifier (name{figure.17}) has been alrea
dy used, duplicate ignored

\AtBegShi@Output ...ipout \box \AtBeginShipoutBox 
                                                  \fi \fi 
l.968 \end{document}
                    pdfTeX warning (ext4): destination with the same identifier
 (name{figure.18}) has been already used, duplicate ignored

\AtBegShi@Output ...ipout \box \AtBeginShipoutBox 
                                                  \fi \fi 
l.968 \end{document}
                     <./Screenshot_1496841055.png> <./Screenshot_1496841057.png
>]
Package atveryend Info: Empty hook `AfterLastShipout' on input line 968.
 (handout.aux)
Package atveryend Info: Executing hook `AtVeryEndDocument' on input line 968.
Package atveryend Info: Executing hook `AtEndAfterFileList' on input line 968.
Package rerunfilecheck Info: File `handout.out' has not changed.
(rerunfilecheck)             Checksum: C3FE29D96A56D03984CC9BE5EB7B256B;720.
runsystem(del handout.pyg)...executed.

Package atveryend Info: Empty hook `AtVeryVeryEnd' on input line 968.
 ) 
Here is how much of TeX's memory you used:
 12710 strings out of 493323
 219952 string characters out of 3145097
 437803 words of memory out of 3000000
 15913 multiletter control sequences out of 15000+200000
 16843 words of font info for 39 fonts, out of 3000000 for 9000
 1141 hyphenation exceptions out of 8191
 47i,13n,51p,8844b,649s stack positions out of 5000i,500n,10000p,200000b,50000s
 <C:\Users\Marios\AppData\Local\MiKTeX\2.9\fonts\pk\ljfour\jknappen\ec\dpi600
\ecbx1200.pk> <C:\Users\Marios\AppData\Local\MiKTeX\2.9\fonts\pk\ljfour\jknappe
n\ec\dpi600\ecbx1095.pk> <C:\Users\Marios\AppData\Local\MiKTeX\2.9\fonts\pk\ljf
our\jknappen\ec\dpi600\ectt1200.pk> <C:\Users\Marios\AppData\Local\MiKTeX\2.9\f
onts\pk\ljfour\jknappen\ec\dpi600\ecsx1200.pk> <C:\Users\Marios\AppData\Local\M
iKTeX\2.9\fonts\pk\ljfour\jknappen\ec\dpi600\tcrm1095.pk> <C:\Users\Marios\AppD
ata\Local\MiKTeX\2.9\fonts\pk\ljfour\jknappen\ec\dpi600\ecti1095.pk> <C:\Users\
Marios\AppData\Local\MiKTeX\2.9\fonts\pk\ljfour\jknappen\ec\dpi600\ectt1095.pk>
 <C:\Users\Marios\AppData\Local\MiKTeX\2.9\fonts\pk\ljfour\jknappen\ec\dpi600\e
crm1095.pk> <C:\Users\Marios\AppData\Local\MiKTeX\2.9\fonts\pk\ljfour\jknappen\
ec\dpi600\ecsx1095.pk> <C:\Users\Marios\AppData\Local\MiKTeX\2.9\fonts\pk\ljfou
r\jknappen\ec\dpi600\ecsx1440.pk> <C:\Users\Marios\AppData\Local\MiKTeX\2.9\fon
ts\pk\ljfour\jknappen\ec\dpi600\ecrm1200.pk> <C:\Users\Marios\AppData\Local\MiK
TeX\2.9\fonts\pk\ljfour\jknappen\ec\dpi600\ecbx1728.pk><C:/MiKTeX 2.9/fonts/typ
e1/public/amsfonts/cm/cmmi6.pfb><C:/MiKTeX 2.9/fonts/type1/public/amsfonts/cm/c
msy10.pfb><C:/MiKTeX 2.9/fonts/type1/public/amsfonts/cm/cmsy6.pfb>
Output written on handout.pdf (22 pages, 754712 bytes).
PDF statistics:
 665 PDF objects out of 1000 (max. 8388607)
 91 named destinations out of 1000 (max. 500000)
 171 words of extra memory for PDF output out of 10000 (max. 10000000)

